$AWR Design Environment
$Version 15.04r build 10117 Rev2 (127347)
$Export time : Sun May 30 15:53:39 2021
$Export Format: Gerber
$Export File Name: F:\Uni\POLITO\Sem 2\Guiding & elect. mag. sys\Project\GERBER\final\LPF_layer1.gbr



Statistics Of Layers

Drawing Layer    File Layer    Layer DataType Rects Polygons  Paths Ellipses Texts Pins Drillholes
--------------------------------------------------------------------------------------------------
Layer 1          N/A             10        0     0         1     0        0     0    0         0
Layer 1-         N/A             11        0     0         0     0        0     0    0         0
Layer 2          N/A             15        0     0         0     0        0     0    0         0


Summary Of Objects
------------------
         0 Rects     
         1 Polygons  
         0 Paths     
         0 Texts     
         0 Ellipses  
         0 Instances 
         0 Arrays    
         0 Pins      
         0 Drillholes


Export Options
--------------
Draw path as polygon: 1
Export pcell instances as cells: 0
Export subcircuits as cells: 1
Flatten cell hierarchy: 1
Merge polygons on the +/- layers: 1
Union polygons on the same layer: 1
Write Cell using cached geometry: 0
Write out pcell parameter maps: 0


*** There were 0 warning and 0 error messages ***

